#
# There is insufficient memory for the Java Runtime Environment to continue.
# Native memory allocation (malloc) failed to allocate 1342416 bytes for Chunk::new
# Possible reasons:
#   The system is out of physical RAM or swap space
#   In 32 bit mode, the process size limit was hit
# Possible solutions:
#   Reduce memory load on the system
#   Increase physical memory or swap space
#   Check if swap backing store is full
#   Use 64 bit Java on a 64 bit OS
#   Decrease Java heap size (-Xmx/-Xms)
#   Decrease number of Java threads
#   Decrease Java thread stack sizes (-Xss)
#   Set larger code cache with -XX:ReservedCodeCacheSize=
# This output file may be truncated or incomplete.
#
#  Out of Memory Error (allocation.cpp:390), pid=13456, tid=13536
#
# JRE version: Java(TM) SE Runtime Environment (8.0_66-b18) (build 1.8.0_66-b18)
# Java VM: Java HotSpot(TM) 64-Bit Server VM (25.66-b18 mixed mode windows-amd64 compressed oops)
# Failed to write core dump. Minidumps are not enabled by default on client versions of Windows
#

---------------  T H R E A D  ---------------

Current thread (0x0000000005c7c800):  JavaThread "C2 CompilerThread1" daemon [_thread_in_native, id=13536, stack(0x0000000007c20000,0x0000000007d20000)]

Stack: [0x0000000007c20000,0x0000000007d20000]
[error occurred during error reporting (printing stack bounds), id 0xc0000005]

Native frames: (J=compiled Java code, j=interpreted, Vv=VM code, C=native code)


Current CompileTask:
C2:  63748 6736       4       com.sun.org.apache.xerces.internal.impl.XMLNSDocumentScannerImpl::scanStartElement (1020 bytes)


---------------  P R O C E S S  ---------------

Java Threads: ( => current thread )
  0x000000000acd0800 JavaThread "stdout" daemon [_thread_new_trans, id=4004, stack(0x0000000022440000,0x0000000022540000)]
  0x000000000acd0000 JavaThread "stderr" daemon [_thread_in_native, id=13804, stack(0x0000000022230000,0x0000000022330000)]
  0x000000000accf000 JavaThread "png-cruncher_10" daemon [_thread_blocked, id=13276, stack(0x00000000220e0000,0x00000000221e0000)]
  0x000000000acce800 JavaThread "png-cruncher_9" daemon [_thread_blocked, id=6800, stack(0x0000000021ea0000,0x0000000021fa0000)]
  0x000000000accd800 JavaThread "png-cruncher_8" daemon [_thread_blocked, id=13112, stack(0x0000000021c50000,0x0000000021d50000)]
  0x000000000accd000 JavaThread "png-cruncher_7" daemon [_thread_blocked, id=12180, stack(0x0000000021b40000,0x0000000021c40000)]
  0x000000000accc000 JavaThread "png-cruncher_6" daemon [_thread_blocked, id=6316, stack(0x0000000021770000,0x0000000021870000)]
  0x000000000accb800 JavaThread "stdout" daemon [_thread_in_native, id=12984, stack(0x0000000021910000,0x0000000021a10000)]
  0x000000000acca800 JavaThread "stderr" daemon [_thread_in_native, id=13768, stack(0x0000000021480000,0x0000000021580000)]
  0x000000000ad3f800 JavaThread "png-cruncher_5" daemon [_thread_blocked, id=13196, stack(0x0000000021240000,0x0000000021340000)]
  0x000000000ad3f000 JavaThread "png-cruncher_4" daemon [_thread_in_vm, id=13384, stack(0x0000000021340000,0x0000000021440000)]
  0x000000000ad3e000 JavaThread "png-cruncher_3" daemon [_thread_blocked, id=13692, stack(0x0000000021120000,0x0000000021220000)]
  0x000000000ad3d800 JavaThread "png-cruncher_2" daemon [_thread_blocked, id=13428, stack(0x0000000020f70000,0x0000000021070000)]
  0x000000000ad3c800 JavaThread "png-cruncher_1" daemon [_thread_blocked, id=13712, stack(0x0000000020e40000,0x0000000020f40000)]
  0x000000000ad3c000 JavaThread "pool-1-thread-4" [_thread_in_native, id=13160, stack(0x000000000e460000,0x000000000e560000)]
  0x000000000ad3b000 JavaThread "pool-1-thread-3" [_thread_in_native, id=14324, stack(0x0000000020c30000,0x0000000020d30000)]
  0x000000000ad3a800 JavaThread "pool-1-thread-2" [_thread_in_native, id=14040, stack(0x0000000020ad0000,0x0000000020bd0000)]
  0x000000000ad39800 JavaThread "pool-1-thread-1" [_thread_in_native, id=14260, stack(0x000000001f550000,0x000000001f650000)]
  0x000000000b14c000 JavaThread "File lock request listener" [_thread_in_native, id=13748, stack(0x000000000e570000,0x000000000e670000)]
  0x0000000008d6a800 JavaThread "Stdin handler" [_thread_blocked, id=11296, stack(0x000000000a270000,0x000000000a370000)]
  0x0000000008d51000 JavaThread "Daemon worker" [_thread_in_native, id=14320, stack(0x000000000a140000,0x000000000a240000)]
  0x0000000008d3c000 JavaThread "Cancel handler" [_thread_blocked, id=12628, stack(0x0000000009db0000,0x0000000009eb0000)]
  0x0000000008d29800 JavaThread "Handler for socket connection from /127.0.0.1:54256 to /127.0.0.1:54260" [_thread_in_native, id=8300, stack(0x0000000009ec0000,0x0000000009fc0000)]
  0x0000000008d29000 JavaThread "Daemon" [_thread_blocked, id=5268, stack(0x00000000098e0000,0x00000000099e0000)]
  0x0000000008bc8000 JavaThread "Incoming local TCP Connector on port 54256" [_thread_in_native, id=12400, stack(0x00000000087b0000,0x00000000088b0000)]
  0x00000000072f3000 JavaThread "Service Thread" daemon [_thread_blocked, id=13904, stack(0x0000000007e60000,0x0000000007f60000)]
  0x0000000005c7d800 JavaThread "C1 CompilerThread2" daemon [_thread_blocked, id=13004, stack(0x0000000007d60000,0x0000000007e60000)]
=>0x0000000005c7c800 JavaThread "C2 CompilerThread1" daemon [_thread_in_native, id=13536, stack(0x0000000007c20000,0x0000000007d20000)]
  0x000000000725d800 JavaThread "C2 CompilerThread0" daemon [_thread_in_native, id=7440, stack(0x0000000007a70000,0x0000000007b70000)]
  0x000000000725c000 JavaThread "Attach Listener" daemon [_thread_blocked, id=12932, stack(0x00000000078d0000,0x00000000079d0000)]
  0x000000000725b000 JavaThread "Signal Dispatcher" daemon [_thread_blocked, id=13732, stack(0x0000000007710000,0x0000000007810000)]
  0x0000000005c12000 JavaThread "Finalizer" daemon [_thread_blocked, id=12960, stack(0x0000000007150000,0x0000000007250000)]
  0x0000000005c11000 JavaThread "Reference Handler" daemon [_thread_blocked, id=13628, stack(0x0000000006f60000,0x0000000007060000)]
  0x000000000230f000 JavaThread "main" [_thread_blocked, id=12560, stack(0x0000000002470000,0x0000000002570000)]

Other Threads:
  0x0000000005c0b800 VMThread [stack: 0x0000000006ca0000,0x0000000006da0000] [id=13528]
  0x000000000731b000 WatcherThread [stack: 0x0000000006dd0000,0x0000000006ed0000] [id=4020]

VM state:not at safepoint (normal execution)

VM Mutex/Monitor currently owned by a thread: None

Heap:
 PSYoungGen      total 221696K, used 36608K [0x00000000eab00000, 0x00000000f9e80000, 0x0000000100000000)
  eden space 203264K, 8% used [0x00000000eab00000,0x00000000ebcc05b8,0x00000000f7180000)
  from space 18432K, 99% used [0x00000000f8980000,0x00000000f9b7fb18,0x00000000f9b80000)
  to   space 23040K, 0% used [0x00000000f7180000,0x00000000f7180000,0x00000000f8800000)
 ParOldGen       total 70144K, used 27714K [0x00000000c0000000, 0x00000000c4480000, 0x00000000eab00000)
  object space 70144K, 39% used [0x00000000c0000000,0x00000000c1b10868,0x00000000c4480000)
 Metaspace       used 47103K, capacity 48118K, committed 48256K, reserved 1091584K
  class space    used 6441K, capacity 6762K, committed 6784K, reserved 1048576K

Card table byte_map: [0x0000000002930000,0x0000000002b40000] byte_map_base: 0x0000000002330000

Marking Bits: (ParMarkBitMap*) 0x000000005e59a5b0
 Begin Bits: [0x0000000003080000, 0x0000000004080000)
 End Bits:   [0x0000000004080000, 0x0000000005080000)

Polling page: 0x0000000000120000

CodeCache: size=245760Kb used=20808Kb max_used=20808Kb free=224951Kb
 bounds [0x000000000f010000, 0x0000000010490000, 0x000000001e010000]
 total_blobs=6693 nmethods=5990 adapters=614
 compilation: enabled

Compilation events (10 events):
Event: 63.660 Thread 0x000000000725d800 6992       4       com.android.utils.XmlUtils$PositionAwareStringBuilder::append (45 bytes)
Event: 63.671 Thread 0x000000000725d800 nmethod 6992 0x000000000fe67e50 code [0x000000000fe67fa0, 0x000000000fe68318]
Event: 63.671 Thread 0x000000000725d800 7005       4       com.android.utils.XmlUtils$PositionAwareStringBuilder::append (69 bytes)
Event: 63.673 Thread 0x0000000005c7d800 7010       3       java.nio.charset.CharsetDecoder::implReplaceWith (1 bytes)
Event: 63.673 Thread 0x0000000005c7d800 nmethod 7010 0x000000000ff3d690 code [0x000000000ff3d7e0, 0x000000000ff3d930]
Event: 63.683 Thread 0x0000000005c7d800 7012       3       com.android.ide.common.blame.SourceFile::hashCode (38 bytes)
Event: 63.684 Thread 0x0000000005c7d800 nmethod 7012 0x000000000f3e1b90 code [0x000000000f3e1d20, 0x000000000f3e22c8]
Event: 63.685 Thread 0x0000000005c7d800 7013       3       com.google.gson.stream.JsonReader::push (58 bytes)
Event: 63.686 Thread 0x0000000005c7d800 nmethod 7013 0x000000000fc18410 code [0x000000000fc18580, 0x000000000fc18848]
Event: 63.708 Thread 0x0000000005c7d800 7014   !   3       sun.nio.cs.ext.DoubleByte$Encoder::encodeArrayLoop (409 bytes)

GC Heap History (10 events):
Event: 21.609 GC heap before
{Heap before GC invocations=6 (full 1):
 PSYoungGen      total 104960K, used 104956K [0x00000000eab00000, 0x00000000f3700000, 0x0000000100000000)
  eden space 99840K, 100% used [0x00000000eab00000,0x00000000f0c80000,0x00000000f0c80000)
  from space 5120K, 99% used [0x00000000f3200000,0x00000000f36ff098,0x00000000f3700000)
  to   space 5120K, 0% used [0x00000000f2d00000,0x00000000f2d00000,0x00000000f3200000)
 ParOldGen       total 70144K, used 13326K [0x00000000c0000000, 0x00000000c4480000, 0x00000000eab00000)
  object space 70144K, 18% used [0x00000000c0000000,0x00000000c0d03960,0x00000000c4480000)
 Metaspace       used 30426K, capacity 30936K, committed 31104K, reserved 1077248K
  class space    used 4088K, capacity 4212K, committed 4224K, reserved 1048576K
Event: 21.729 GC heap after
Heap after GC invocations=6 (full 1):
 PSYoungGen      total 138240K, used 5104K [0x00000000eab00000, 0x00000000f5380000, 0x0000000100000000)
  eden space 133120K, 0% used [0x00000000eab00000,0x00000000eab00000,0x00000000f2d00000)
  from space 5120K, 99% used [0x00000000f2d00000,0x00000000f31fc030,0x00000000f3200000)
  to   space 12288K, 0% used [0x00000000f4780000,0x00000000f4780000,0x00000000f5380000)
 ParOldGen       total 70144K, used 16251K [0x00000000c0000000, 0x00000000c4480000, 0x00000000eab00000)
  object space 70144K, 23% used [0x00000000c0000000,0x00000000c0fdef08,0x00000000c4480000)
 Metaspace       used 30426K, capacity 30936K, committed 31104K, reserved 1077248K
  class space    used 4088K, capacity 4212K, committed 4224K, reserved 1048576K
}
Event: 24.231 GC heap before
{Heap before GC invocations=7 (full 1):
 PSYoungGen      total 138240K, used 74712K [0x00000000eab00000, 0x00000000f5380000, 0x0000000100000000)
  eden space 133120K, 52% used [0x00000000eab00000,0x00000000eeefa2b8,0x00000000f2d00000)
  from space 5120K, 99% used [0x00000000f2d00000,0x00000000f31fc030,0x00000000f3200000)
  to   space 12288K, 0% used [0x00000000f4780000,0x00000000f4780000,0x00000000f5380000)
 ParOldGen       total 70144K, used 16251K [0x00000000c0000000, 0x00000000c4480000, 0x00000000eab00000)
  object space 70144K, 23% used [0x00000000c0000000,0x00000000c0fdef08,0x00000000c4480000)
 Metaspace       used 34714K, capacity 35290K, committed 35456K, reserved 1079296K
  class space    used 4689K, capacity 4867K, committed 4992K, reserved 1048576K
Event: 24.305 GC heap after
Heap after GC invocations=7 (full 1):
 PSYoungGen      total 157184K, used 12274K [0x00000000eab00000, 0x00000000f8c80000, 0x0000000100000000)
  eden space 144896K, 0% used [0x00000000eab00000,0x00000000eab00000,0x00000000f3880000)
  from space 12288K, 99% used [0x00000000f4780000,0x00000000f537cb10,0x00000000f5380000)
  to   space 15360K, 0% used [0x00000000f3880000,0x00000000f3880000,0x00000000f4780000)
 ParOldGen       total 70144K, used 17688K [0x00000000c0000000, 0x00000000c4480000, 0x00000000eab00000)
  object space 70144K, 25% used [0x00000000c0000000,0x00000000c1146320,0x00000000c4480000)
 Metaspace       used 34714K, capacity 35290K, committed 35456K, reserved 1079296K
  class space    used 4689K, capacity 4867K, committed 4992K, reserved 1048576K
}
Event: 24.305 GC heap before
{Heap before GC invocations=8 (full 2):
 PSYoungGen      total 157184K, used 12274K [0x00000000eab00000, 0x00000000f8c80000, 0x0000000100000000)
  eden space 144896K, 0% used [0x00000000eab00000,0x00000000eab00000,0x00000000f3880000)
  from space 12288K, 99% used [0x00000000f4780000,0x00000000f537cb10,0x00000000f5380000)
  to   space 15360K, 0% used [0x00000000f3880000,0x00000000f3880000,0x00000000f4780000)
 ParOldGen       total 70144K, used 17688K [0x00000000c0000000, 0x00000000c4480000, 0x00000000eab00000)
  object space 70144K, 25% used [0x00000000c0000000,0x00000000c1146320,0x00000000c4480000)
 Metaspace       used 34714K, capacity 35290K, committed 35456K, reserved 1079296K
  class space    used 4689K, capacity 4867K, committed 4992K, reserved 1048576K
Event: 24.649 GC heap after
Heap after GC invocations=8 (full 2):
 PSYoungGen      total 157184K, used 0K [0x00000000eab00000, 0x00000000f8c80000, 0x0000000100000000)
  eden space 144896K, 0% used [0x00000000eab00000,0x00000000eab00000,0x00000000f3880000)
  from space 12288K, 0% used [0x00000000f4780000,0x00000000f4780000,0x00000000f5380000)
  to   space 15360K, 0% used [0x00000000f3880000,0x00000000f3880000,0x00000000f4780000)
 ParOldGen       total 70144K, used 21361K [0x00000000c0000000, 0x00000000c4480000, 0x00000000eab00000)
  object space 70144K, 30% used [0x00000000c0000000,0x00000000c14dc430,0x00000000c4480000)
 Metaspace       used 34714K, capacity 35290K, committed 35456K, reserved 1079296K
  class space    used 4689K, capacity 4867K, committed 4992K, reserved 1048576K
}
Event: 34.478 GC heap before
{Heap before GC invocations=9 (full 2):
 PSYoungGen      total 157184K, used 144896K [0x00000000eab00000, 0x00000000f8c80000, 0x0000000100000000)
  eden space 144896K, 100% used [0x00000000eab00000,0x00000000f3880000,0x00000000f3880000)
  from space 12288K, 0% used [0x00000000f4780000,0x00000000f4780000,0x00000000f5380000)
  to   space 15360K, 0% used [0x00000000f3880000,0x00000000f3880000,0x00000000f4780000)
 ParOldGen       total 70144K, used 21361K [0x00000000c0000000, 0x00000000c4480000, 0x00000000eab00000)
  object space 70144K, 30% used [0x00000000c0000000,0x00000000c14dc430,0x00000000c4480000)
 Metaspace       used 43927K, capacity 44690K, committed 44928K, reserved 1087488K
  class space    used 6073K, capacity 6257K, committed 6272K, reserved 1048576K
Event: 34.534 GC heap after
Heap after GC invocations=9 (full 2):
 PSYoungGen      total 160256K, used 15359K [0x00000000eab00000, 0x00000000f9b80000, 0x0000000100000000)
  eden space 144896K, 0% used [0x00000000eab00000,0x00000000eab00000,0x00000000f3880000)
  from space 15360K, 99% used [0x00000000f3880000,0x00000000f477ff90,0x00000000f4780000)
  to   space 18432K, 0% used [0x00000000f8980000,0x00000000f8980000,0x00000000f9b80000)
 ParOldGen       total 70144K, used 23110K [0x00000000c0000000, 0x00000000c4480000, 0x00000000eab00000)
  object space 70144K, 32% used [0x00000000c0000000,0x00000000c1691ba8,0x00000000c4480000)
 Metaspace       used 43927K, capacity 44690K, committed 44928K, reserved 1087488K
  class space    used 6073K, capacity 6257K, committed 6272K, reserved 1048576K
}
Event: 63.104 GC heap before
{Heap before GC invocations=10 (full 2):
 PSYoungGen      total 160256K, used 160255K [0x00000000eab00000, 0x00000000f9b80000, 0x0000000100000000)
  eden space 144896K, 100% used [0x00000000eab00000,0x00000000f3880000,0x00000000f3880000)
  from space 15360K, 99% used [0x00000000f3880000,0x00000000f477ff90,0x00000000f4780000)
  to   space 18432K, 0% used [0x00000000f8980000,0x00000000f8980000,0x00000000f9b80000)
 ParOldGen       total 70144K, used 23110K [0x00000000c0000000, 0x00000000c4480000, 0x00000000eab00000)
  object space 70144K, 32% used [0x00000000c0000000,0x00000000c1691ba8,0x00000000c4480000)
 Metaspace       used 46982K, capacity 48054K, committed 48256K, reserved 1091584K
  class space    used 6434K, capacity 6762K, committed 6784K, reserved 1048576K
Event: 63.294 GC heap after
Heap after GC invocations=10 (full 2):
 PSYoungGen      total 221696K, used 18430K [0x00000000eab00000, 0x00000000f9e80000, 0x0000000100000000)
  eden space 203264K, 0% used [0x00000000eab00000,0x00000000eab00000,0x00000000f7180000)
  from space 18432K, 99% used [0x00000000f8980000,0x00000000f9b7fb18,0x00000000f9b80000)
  to   space 23040K, 0% used [0x00000000f7180000,0x00000000f7180000,0x00000000f8800000)
 ParOldGen       total 70144K, used 27714K [0x00000000c0000000, 0x00000000c4480000, 0x00000000eab00000)
  object space 70144K, 39% used [0x00000000c0000000,0x00000000c1b10868,0x00000000c4480000)
 Metaspace       used 46982K, capacity 48054K, committed 48256K, reserved 1091584K
  class space    used 6434K, capacity 6762K, committed 6784K, reserved 1048576K
}

Deoptimization events (10 events):
Event: 63.352 Thread 0x000000000ad3a800 Uncommon trap: reason=unstable_if action=reinterpret pc=0x000000000fddaf84 method=java.util.concurrent.locks.AbstractQueuedSynchronizer.release(I)Z @ 14
Event: 63.359 Thread 0x000000000ad3a800 Uncommon trap: reason=class_check action=maybe_recompile pc=0x000000000fe74ee4 method=java.util.concurrent.ConcurrentHashMap.putVal(Ljava/lang/Object;Ljava/lang/Object;Z)Ljava/lang/Object; @ 192
Event: 63.360 Thread 0x000000000ad3c000 Uncommon trap: reason=class_check action=maybe_recompile pc=0x000000000fe74ee4 method=java.util.concurrent.ConcurrentHashMap.putVal(Ljava/lang/Object;Ljava/lang/Object;Z)Ljava/lang/Object; @ 192
Event: 63.367 Thread 0x000000000ad39800 Uncommon trap: reason=class_check action=maybe_recompile pc=0x000000000fe74ee4 method=java.util.concurrent.ConcurrentHashMap.putVal(Ljava/lang/Object;Ljava/lang/Object;Z)Ljava/lang/Object; @ 192
Event: 63.368 Thread 0x000000000ad3b000 Uncommon trap: reason=class_check action=maybe_recompile pc=0x000000000fe74ee4 method=java.util.concurrent.ConcurrentHashMap.putVal(Ljava/lang/Object;Ljava/lang/Object;Z)Ljava/lang/Object; @ 192
Event: 63.464 Thread 0x0000000008d51000 Uncommon trap: reason=unstable_if action=reinterpret pc=0x000000000fa7f0d4 method=com.sun.org.apache.xerces.internal.dom.ChildNode.parentNode()Lcom/sun/org/apache/xerces/internal/dom/NodeImpl; @ 4
Event: 63.465 Thread 0x0000000008d51000 Uncommon trap: reason=unstable_if action=reinterpret pc=0x000000000fe42150 method=com.sun.org.apache.xerces.internal.dom.NodeImpl.isOwned(Z)V @ 2
Event: 63.704 Thread 0x000000000ad3f000 Uncommon trap: reason=class_check action=maybe_recompile pc=0x000000000f71c2ec method=java.lang.Throwable.<init>(Ljava/lang/String;Ljava/lang/Throwable;)V @ 24
Event: 63.705 Thread 0x000000000ad3f000 Uncommon trap: reason=unstable_if action=reinterpret pc=0x000000000f3e9ad8 method=sun.nio.cs.ext.DoubleByte$Encoder.encodeArrayLoop(Ljava/nio/CharBuffer;Ljava/nio/ByteBuffer;)Ljava/nio/charset/CoderResult; @ 218
Event: 63.707 Thread 0x000000000ad3f000 Uncommon trap: reason=unstable_if action=reinterpret pc=0x000000000ff71df8 method=com.esotericsoftware.kryo.io.Output.writeString(Ljava/lang/CharSequence;)V @ 83

Internal exceptions (10 events):
Event: 47.689 Thread 0x0000000008d51000 Exception <a 'java/lang/ClassNotFoundException': com/android/ide/common/res2/AssetSetBeanInfo> (0x00000000ee627f70) thrown at [C:\re\workspace\8-2-build-windows-amd64-cygwin\jdk8u66\5298\hotspot\src\share\vm\classfile\systemDictionary.cpp, line 210]
Event: 47.689 Thread 0x0000000008d51000 Exception <a 'java/lang/ClassNotFoundException': com/android/ide/common/res2/DataSetBeanInfo> (0x00000000ee635cc8) thrown at [C:\re\workspace\8-2-build-windows-amd64-cygwin\jdk8u66\5298\hotspot\src\share\vm\classfile\systemDictionary.cpp, line 210]
Event: 47.690 Thread 0x0000000008d51000 Exception <a 'java/lang/ClassNotFoundException': com/android/ide/common/res2/DataSetCustomizer> (0x00000000ee643db0) thrown at [C:\re\workspace\8-2-build-windows-amd64-cygwin\jdk8u66\5298\hotspot\src\share\vm\classfile\systemDictionary.cpp, line 210]
Event: 47.694 Thread 0x0000000008d51000 Exception <a 'java/lang/ClassNotFoundException': com/android/ide/common/res2/AssetSetCustomizer> (0x00000000ee66ecb8) thrown at [C:\re\workspace\8-2-build-windows-amd64-cygwin\jdk8u66\5298\hotspot\src\share\vm\classfile\systemDictionary.cpp, line 210]
Event: 47.709 Thread 0x0000000008d51000 Exception <a 'java/lang/ClassNotFoundException': com/android/ide/common/res2/MergedAssetWriterBeanInfo> (0x00000000ee6d05e8) thrown at [C:\re\workspace\8-2-build-windows-amd64-cygwin\jdk8u66\5298\hotspot\src\share\vm\classfile\systemDictionary.cpp, line 21†0ÜÚG@
Event: 47.710 Thread 0x0000000008d51000 Exception <a 'java/lang/ClassNotFoundException': com/android/ide/common/res2/MergeWriterBeanInfo> (0x00000000ee6deae0) thrown at [C:\re\workspace\8-2-build-windows-amd64-cygwin\jdk8u66\5298\hotspot\src\share\vm\classfile\systemDictionary.cpp, line 210]
Event: 47.711 Thread 0x0000000008d51000 Exception <a 'java/lang/ClassNotFoundException': com/android/ide/common/res2/MergeWriterCustomizer> (0x00000000ee6ed358) thrown at [C:\re\workspace\8-2-build-windows-amd64-cygwin\jdk8u66\5298\hotspot\src\share\vm\classfile\systemDictionary.cpp, line 210]
Event: 47.712 Thread 0x0000000008d51000 Exception <a 'java/lang/ClassNotFoundException': com/android/ide/common/res2/MergedAssetWriterCustomizer> (0x00000000ee700710) thrown at [C:\re\workspace\8-2-build-windows-amd64-cygwin\jdk8u66\5298\hotspot\src\share\vm\classfile\systemDictionary.cpp, line ÚÙ$áG@
Event: 47.759 Thread 0x0000000008d51000 Exception <a 'java/lang/NoSuchMethodError': <clinit>> (0x00000000ee7ca2e0) thrown at [C:\re\workspace\8-2-build-windows-amd64-cygwin\jdk8u66\5298\hotspot\src\share\vm\prims\jni.cpp, line 1591]
Event: 63.704 Thread 0x000000000ad3f000 Exception <a 'java/io/IOException': CreateProcess error=1455, é¡µé¢æ–‡ä»¶å¤ªå°ï¼Œæ— æ³•å®Œæˆæ“ä½œã€‚> (0x00000000ebc16ff0) thrown at [C:\re\workspace\8-2-build-windows-amd64-cygwin\jdk8u66\5298\hotspot\src\share\vm\prims\jni.cpp, line 735]

Events (10 events):
Event: 63.704 Thread 0x000000000ad3f000 DEOPT PACKING pc=0x000000000f71c2ec sp=0x000000002143f150
Event: 63.705 Thread 0x000000000ad3f000 DEOPT UNPACKING pc=0x000000000f05582a sp=0x000000002143f138 mode 2
Event: 63.705 loading class java/lang/Throwable$WrappedPrintStream
Event: 63.705 loading class java/lang/Throwable$WrappedPrintStream done
Event: 63.705 Thread 0x000000000ad3f000 Uncommon trap: trap_request=0xffffff65 fr.pc=0x000000000f3e9ad8
Event: 63.705 Thread 0x000000000ad3f000 DEOPT PACKING pc=0x000000000f3e9ad8 sp=0x000000002143ec90
Event: 63.705 Thread 0x000000000ad3f000 DEOPT UNPACKING pc=0x000000000f05582a sp=0x000000002143ebf8 mode 2
Event: 63.707 Thread 0x000000000ad3f000 Uncommon trap: trap_request=0xffffff65 fr.pc=0x000000000ff71df8
Event: 63.707 Thread 0x000000000ad3f000 DEOPT PACKING pc=0x000000000ff71df8 sp=0x000000002143de20
Event: 63.707 Thread 0x000000000ad3f000 DEOPT UNPACKING pc=0x000000000f05582a sp=0x000000002143dd58 mode 2


Dynamic libraries:
0x000000013f970000 - 0x000000013f9a7000 	D:\Program Files\Java\jdk1.8.0_66\bin\java.exe
0x0000000077400000 - 0x00000000775aa000 	C:\Windows\SYSTEM32\ntdll.dll
0x00000000771e0000 - 0x00000000772ff000 	C:\Windows\system32\kernel32.dll
0x000007fefd170000 - 0x000007fefd1da000 	C:\Windows\system32\KERNELBASE.dll
0x000007fefe8e0000 - 0x000007fefe9bb000 	C:\Windows\system32\ADVAPI32.dll
0x000007fefe630000 - 0x000007fefe6cf000 	C:\Windows\system32\msvcrt.dll
0x000007fefecf0000 - 0x000007fefed0f000 	C:\Windows\SYSTEM32\sechost.dll
0x000007feff2b0000 - 0x000007feff3dd000 	C:\Windows\system32\RPCRT4.dll
0x0000000077300000 - 0x00000000773fa000 	C:\Windows\system32\USER32.dll
0x000007fefead0000 - 0x000007fefeb37000 	C:\Windows\system32\GDI32.dll
0x000007feff4c0000 - 0x000007feff4ce000 	C:\Windows\system32\LPK.dll
0x000007fefd4f0000 - 0x000007fefd5ba000 	C:\Windows\system32\USP10.dll
0x000007fefb8e0000 - 0x000007fefbad4000 	C:\Windows\WinSxS\amd64_microsoft.windows.common-controls_6595b64144ccf1df_6.0.7601.18837_none_fa3b1e3d17594757\COMCTL32.dll
0x000007fefe860000 - 0x000007fefe8d1000 	C:\Windows\system32\SHLWAPI.dll
0x000007fefeb90000 - 0x000007fefebbe000 	C:\Windows\system32\IMM32.DLL
0x000007fefe9c0000 - 0x000007fefeac9000 	C:\Windows\system32\MSCTF.dll
0x000007fefd060000 - 0x000007fefd092000 	C:\Windows\system32\nvinitx.dll
0x000007fefd050000 - 0x000007fefd05c000 	C:\Windows\system32\VERSION.dll
0x000000000f000000 - 0x000000000f006000 	C:\Program Files\NVIDIA Corporation\CoProcManager\detoured.dll
0x000007fef95a0000 - 0x000007fef95d2000 	C:\Program Files\NVIDIA Corporation\CoProcManager\nvd3d9wrapx.dll
0x000007feff4d0000 - 0x000007feff6a7000 	C:\Windows\system32\SETUPAPI.dll
0x000007fefd470000 - 0x000007fefd4a6000 	C:\Windows\system32\CFGMGR32.dll
0x000007feff3e0000 - 0x000007feff4b7000 	C:\Windows\system32\OLEAUT32.dll
0x000007fefedb0000 - 0x000007fefefb3000 	C:\Windows\system32\ole32.dll
0x000007fefd4c0000 - 0x000007fefd4da000 	C:\Windows\system32\DEVOBJ.dll
0x000007fef9570000 - 0x000007fef9592000 	C:\Program Files\NVIDIA Corporation\CoProcManager\nvdxgiwrapx.dll
0x000000005ec10000 - 0x000000005ece2000 	D:\Program Files\Java\jdk1.8.0_66\jre\bin\msvcr100.dll
0x000000005dd90000 - 0x000000005e619000 	D:\Program Files\Java\jdk1.8.0_66\jre\bin\server\jvm.dll
0x000007fefb8c0000 - 0x000007fefb8c9000 	C:\Windows\system32\WSOCK32.dll
0x000007fefeb40000 - 0x000007fefeb8d000 	C:\Windows\system32\WS2_32.dll
0x000007fefec60000 - 0x000007fefec68000 	C:\Windows\system32\NSI.dll
0x000007fef9d10000 - 0x000007fef9d4b000 	C:\Windows\system32\WINMM.dll
0x00000000775d0000 - 0x00000000775d7000 	C:\Windows\system32\PSAPI.DLL
0x000000006f020000 - 0x000000006f02f000 	D:\Program Files\Java\jdk1.8.0_66\jre\bin\verify.dll
0x000000006b1b0000 - 0x000000006b1d9000 	D:\Program Files\Java\jdk1.8.0_66\jre\bin\java.dll
0x000000006b630000 - 0x000000006b646000 	D:\Program Files\Java\jdk1.8.0_66\jre\bin\zip.dll
0x000007fefd5c0000 - 0x000007fefe349000 	C:\Windows\system32\SHELL32.dll
0x000007fefd130000 - 0x000007fefd13f000 	C:\Windows\system32\profapi.dll
0x000000006b130000 - 0x000000006b14a000 	D:\Program Files\Java\jdk1.8.0_66\jre\bin\net.dll
0x000007fefc880000 - 0x000007fefc8d5000 	C:\Windows\system32\mswsock.dll
0x000007fefc870000 - 0x000007fefc877000 	C:\Windows\System32\wship6.dll
0x000000006a500000 - 0x000000006a511000 	D:\Program Files\Java\jdk1.8.0_66\jre\bin\nio.dll
0x000007fef0140000 - 0x000007fef0152000 	C:\Users\Administrator\.gradle\native\19\windows-amd64\native-platform.dll
0x000007fefac70000 - 0x000007fefac97000 	C:\Windows\system32\IPHLPAPI.DLL
0x000007fefacc0000 - 0x000007fefaccb000 	C:\Windows\system32\WINNSI.DLL
0x000007fefaa60000 - 0x000007fefaa78000 	C:\Windows\system32\dhcpcsvc.DLL
0x000007fefaa40000 - 0x000007fefaa51000 	C:\Windows\system32\dhcpcsvc6.DLL
0x000007fefc8e0000 - 0x000007fefc8f8000 	C:\Windows\system32\CRYPTSP.dll
0x000007fefc5e0000 - 0x000007fefc627000 	C:\Windows\system32\rsaenh.dll
0x000007fefd3b0000 - 0x000007fefd3ce000 	C:\Windows\system32\USERENV.dll
0x000007fefcf40000 - 0x000007fefcf4f000 	C:\Windows\system32\CRYPTBASE.dll
0x000007fefcee0000 - 0x000007fefcf37000 	C:\Windows\system32\apphelp.dll
0x000000006c0b0000 - 0x000000006c0bd000 	D:\Program Files\Java\jdk1.8.0_66\jre\bin\management.dll

VM Arguments:
jvm_args: -XX:MaxPermSize=256m -XX:+HeapDumpOnOutOfMemoryError -Xmx1024m -Dfile.encoding=GBK -Duser.country=CN -Duser.language=zh -Duser.variant 
java_command: org.gradle.launcher.daemon.bootstrap.GradleDaemon 2.10
java_class_path (initial): D:\Program Files\Android\Android Studio\gradle\gradle-2.10\lib\gradle-launcher-2.10.jar
Launcher Type: SUN_STANDARD

Environment Variables:
JAVA_HOME=D:\Program Files\Java\jdk1.8.0_66
CLASSPATH=.;D:\Program Files\Java\jdk1.8.0_66\lib;D:\Program Files\Java\jdk1.8.0_66\lib\tools.jar
PATH=C:\ProgramData\Oracle\Java\javapath;C:\Windows\system32;C:\Windows;C:\Windows\System32\Wbem;C:\Windows\System32\WindowsPowerShell\v1.0\;D:\Program Files\Java\jdk1.8.0_66\bin;D:\Program Files\Java\jdk1.8.0_66\jre\bin;D:\Program Files\MySQL\MySQL Server 5.1\bin;D:\Users\Administrator\AppData\Local\Android\sdk1\platform-tools
USERNAME=Administrator
OS=Windows_NT
PROCESSOR_IDENTIFIER=Intel64 Family 6 Model 58 Stepping 9, GenuineIntel



---------------  S Y S T E M  ---------------

OS: Windows 7 , 64 bit Build 7601 (6.1.7601.23391)

CPU:total 4 (2 cores per cpu, 2 threads per core) family 6 model 58 stepping 9, cmov, cx8, fxsr, mmx, sse, sse2, sse3, ssse3, sse4.1, sse4.2, popcnt, avx, aes, clmul, erms, ht, tsc, tscinvbit, tscinv

Memory: 4k page, physical 8271660k(2637040k free), swap 8269804k(6148k free)

vm_info: Java HotSpot(TM) 64-Bit Server VM (25.66-b18) for windows-amd64 JRE (1.8.0_66-b18), built on Nov  9 2015 10:51:13 by "java_re" with MS VC++ 10.0 (VS2010)

time: Mon Sep 26 20:44:10 2016
elapsed time: 63 seconds (0d 0h 1m 3s)

